<?xml version="1.0" encoding="UTF-8"?>
<!-- Generated by org.testng.reporters.JUnitReportReporter -->
<testsuite name="core.ElementsValidationTest2" tests="30" time="13.972" ignored="0" failures="0" timestamp="25 Feb 2017 04:03:28 GMT" skipped="0" hostname="DmitryFRAMEWORK" errors="0">
  <testcase name="test" time="0.065" classname="core.ElementsValidationTest2"/>
  <testcase name="test" time="0.098" classname="core.ElementsValidationTest2"/>
  <testcase name="test" time="0.054" classname="core.ElementsValidationTest2"/>
  <testcase name="test" time="0.125" classname="core.ElementsValidationTest2"/>
  <testcase name="test" time="0.214" classname="core.ElementsValidationTest2"/>
  <testcase name="test" time="0.087" classname="core.ElementsValidationTest2"/>
  <testcase name="test" time="0.062" classname="core.ElementsValidationTest2"/>
  <testcase name="test" time="0.138" classname="core.ElementsValidationTest2"/>
  <testcase name="test" time="0.070" classname="core.ElementsValidationTest2"/>
  <testcase name="test" time="0.067" classname="core.ElementsValidationTest2"/>
  <testcase name="test" time="0.087" classname="core.ElementsValidationTest2"/>
  <testcase name="test" time="0.170" classname="core.ElementsValidationTest2"/>
  <testcase name="test" time="0.104" classname="core.ElementsValidationTest2"/>
  <testcase name="test" time="0.072" classname="core.ElementsValidationTest2"/>
  <testcase name="test" time="0.110" classname="core.ElementsValidationTest2"/>
  <testcase name="test" time="0.062" classname="core.ElementsValidationTest2"/>
  <testcase name="test" time="0.074" classname="core.ElementsValidationTest2"/>
  <testcase name="test" time="0.117" classname="core.ElementsValidationTest2"/>
  <testcase name="test" time="11.297" classname="core.ElementsValidationTest2"/>
  <testcase name="test" time="0.084" classname="core.ElementsValidationTest2"/>
  <testcase name="test" time="0.114" classname="core.ElementsValidationTest2"/>
  <testcase name="test" time="0.065" classname="core.ElementsValidationTest2"/>
  <testcase name="test" time="0.064" classname="core.ElementsValidationTest2"/>
  <testcase name="test" time="0.074" classname="core.ElementsValidationTest2"/>
  <testcase name="test" time="0.058" classname="core.ElementsValidationTest2"/>
  <testcase name="test" time="0.103" classname="core.ElementsValidationTest2"/>
  <testcase name="test" time="0.085" classname="core.ElementsValidationTest2"/>
  <testcase name="test" time="0.064" classname="core.ElementsValidationTest2"/>
  <testcase name="test" time="0.061" classname="core.ElementsValidationTest2"/>
  <testcase name="test" time="0.127" classname="core.ElementsValidationTest2"/>
</testsuite> <!-- core.ElementsValidationTest2 -->
