<?xml version="1.0" encoding="UTF-8"?>
<!-- Generated by org.testng.reporters.JUnitReportReporter -->
<testsuite name="core.ElementsValidationTest" tests="31" time="154.011" ignored="0" failures="0" timestamp="23 Feb 2017 21:48:15 GMT" skipped="0" hostname="DmitryFRAMEWORK" errors="0">
  <testcase name="test" time="4.956" classname="core.ElementsValidationTest"/>
  <testcase name="test" time="4.843" classname="core.ElementsValidationTest"/>
  <testcase name="test" time="4.872" classname="core.ElementsValidationTest"/>
  <testcase name="test" time="4.895" classname="core.ElementsValidationTest"/>
  <testcase name="test" time="4.869" classname="core.ElementsValidationTest"/>
  <testcase name="test" time="5.083" classname="core.ElementsValidationTest"/>
  <testcase name="test" time="5.092" classname="core.ElementsValidationTest"/>
  <testcase name="test" time="4.877" classname="core.ElementsValidationTest"/>
  <testcase name="test" time="4.859" classname="core.ElementsValidationTest"/>
  <testcase name="test" time="4.850" classname="core.ElementsValidationTest"/>
  <testcase name="test" time="5.527" classname="core.ElementsValidationTest"/>
  <testcase name="test" time="4.807" classname="core.ElementsValidationTest"/>
  <testcase name="test" time="4.921" classname="core.ElementsValidationTest"/>
  <testcase name="test" time="4.785" classname="core.ElementsValidationTest"/>
  <testcase name="test" time="4.875" classname="core.ElementsValidationTest"/>
  <testcase name="test" time="5.156" classname="core.ElementsValidationTest"/>
  <testcase name="test" time="4.802" classname="core.ElementsValidationTest"/>
  <testcase name="test" time="4.880" classname="core.ElementsValidationTest"/>
  <testcase name="test" time="4.900" classname="core.ElementsValidationTest"/>
  <testcase name="test" time="4.891" classname="core.ElementsValidationTest"/>
  <testcase name="test" time="4.739" classname="core.ElementsValidationTest"/>
  <testcase name="test" time="4.928" classname="core.ElementsValidationTest"/>
  <testcase name="test" time="4.908" classname="core.ElementsValidationTest"/>
  <testcase name="test" time="5.284" classname="core.ElementsValidationTest"/>
  <testcase name="test" time="5.237" classname="core.ElementsValidationTest"/>
  <testcase name="test" time="4.798" classname="core.ElementsValidationTest"/>
  <testcase name="test" time="5.425" classname="core.ElementsValidationTest"/>
  <testcase name="test" time="4.873" classname="core.ElementsValidationTest"/>
  <testcase name="test" time="5.200" classname="core.ElementsValidationTest"/>
  <testcase name="test" time="4.927" classname="core.ElementsValidationTest"/>
  <testcase name="test" time="4.952" classname="core.ElementsValidationTest"/>
</testsuite> <!-- core.ElementsValidationTest -->
