<?xml version="1.0" encoding="UTF-8"?>
<!-- Generated by org.testng.reporters.JUnitReportReporter -->
<testsuite name="core.ElementsValidationTest" tests="3" time="28.730" ignored="0" failures="0" timestamp="25 Feb 2017 03:32:55 GMT" skipped="0" hostname="DmitryFRAMEWORK" errors="0">
  <testcase name="test" time="15.726" classname="core.ElementsValidationTest"/>
  <testcase name="test" time="5.211" classname="core.ElementsValidationTest"/>
  <testcase name="test" time="7.793" classname="core.ElementsValidationTest"/>
</testsuite> <!-- core.ElementsValidationTest -->
